<?xml version="1.0" encoding="UTF-8"?>
<testng-results ignored="0" total="1" passed="1" failed="0" skipped="0">
  <reporter-output>
  </reporter-output>
  <suite started-at="2021-01-19T07:29:32 AMT" name="Surefire suite" finished-at="2021-01-19T07:29:47 AMT" duration-ms="15107">
    <groups>
    </groups>
    <test started-at="2021-01-19T07:29:32 AMT" name="Surefire test" finished-at="2021-01-19T07:29:47 AMT" duration-ms="15107">
      <class name="com.example.demo2.MainPageTest">
        <test-method is-config="true" signature="setUpAllure()[pri:0, instance:com.example.demo2.MainPageTest@971e903]" started-at="2021-01-19T07:29:32 AMT" name="setUpAllure" finished-at="2021-01-19T07:29:32 AMT" duration-ms="85" status="PASS">
          <reporter-output>
          </reporter-output>
        </test-method> <!-- setUpAllure -->
        <test-method is-config="true" signature="setUp()[pri:0, instance:com.example.demo2.MainPageTest@971e903]" started-at="2021-01-19T07:29:32 AMT" name="setUp" finished-at="2021-01-19T07:29:44 AMT" duration-ms="12143" status="PASS">
          <reporter-output>
          </reporter-output>
        </test-method> <!-- setUp -->
        <test-method signature="search()[pri:0, instance:com.example.demo2.MainPageTest@971e903]" started-at="2021-01-19T07:29:44 AMT" name="search" finished-at="2021-01-19T07:29:47 AMT" duration-ms="2338" status="PASS">
          <reporter-output>
          </reporter-output>
        </test-method> <!-- search -->
      </class> <!-- com.example.demo2.MainPageTest -->
    </test> <!-- Surefire test -->
  </suite> <!-- Surefire suite -->
</testng-results>
