<?xml version="1.0" encoding="UTF-8"?>
<testsuite xmlns:xsi="http://www.w3.org/2001/XMLSchema-instance" xsi:noNamespaceSchemaLocation="https://maven.apache.org/surefire/maven-surefire-plugin/xsd/surefire-test-report.xsd" name="com.example.demo2.MainPageTest" time="33.626" tests="3" errors="0" skipped="0" failures="2">
  <properties>
[...]
</properties>
  <testcase name="navigationToAllTools" classname="com.example.demo2.MainPageTest" time="6.855">
    <failure message="Element not found {By.className: products-list}&#10;Expected: visible&#10;Screenshot: file:/C:/Users/Dav/Downloads/demo2/build/reports/tests/1610864385616.0.png&#10;Page source: file:/C:/Users/Dav/Downloads/demo2/build/reports/tests/1610864385616.0.html&#10;Timeout: 4 s.&#10;Caused by: NoSuchElementException: no such element: Unable to locate element: {&quot;method&quot;:&quot;css selector&quot;,&quot;selector&quot;:&quot;.products\-list&quot;}" type="com.codeborne.selenide.ex.ElementNotFound">com.codeborne.selenide.ex.ElementNotFound: 
Element not found {By.className: products-list}
Expected: visible
Screenshot: file:/C:/Users/Dav/Downloads/demo2/build/reports/tests/1610864385616.0.png
Page source: file:/C:/Users/Dav/Downloads/demo2/build/reports/tests/1610864385616.0.html
Timeout: 4 s.
Caused by: NoSuchElementException: no such element: Unable to locate element: {"method":"css selector","selector":".products\-list"}
	at com.example.demo2.MainPageTest.navigationToAllTools(MainPageTest.java:52)
Caused by: org.openqa.selenium.NoSuchElementException: 
no such element: Unable to locate element: {"method":"css selector","selector":".products\-list"}
  (Session info: chrome=87.0.4280.88)
For documentation on this error, please visit: https://www.seleniumhq.org/exceptions/no_such_element.html
Build info: version: '3.141.59', revision: 'e82be7d358', time: '2018-11-14T08:17:03'
System info: host: 'DESKTOP-HN2PJ80', ip: '192.168.0.103', os.name: 'Windows 10', os.arch: 'amd64', os.version: '10.0', java.version: '11.0.9'
Driver info: org.openqa.selenium.chrome.ChromeDriver
Capabilities {acceptInsecureCerts: true, browserName: chrome, browserVersion: 87.0.4280.88, chrome: {chromedriverVersion: 87.0.4280.88 (89e2380a3e36c..., userDataDir: C:\Users\Dav\AppData\Local\...}, goog:chromeOptions: {debuggerAddress: localhost:50186}, javascriptEnabled: true, networkConnectionEnabled: false, pageLoadStrategy: normal, platform: WINDOWS, platformName: WINDOWS, proxy: Proxy(), setWindowRect: true, strictFileInteractability: false, timeouts: {implicit: 0, pageLoad: 300000, script: 30000}, unhandledPromptBehavior: dismiss and notify, webauthn:virtualAuthenticators: true}
Session ID: c4ec39531d88f748557e288b66381882
*** Element info: {Using=class name, value=products-list}
	at com.example.demo2.MainPageTest.navigationToAllTools(MainPageTest.java:52)
</failure>
    <system-err><![CDATA[[main] INFO com.codeborne.selenide.impl.WebDriverThreadLocalContainer - No webdriver is bound to current thread: 1 - let's create a new webdriver
[main] INFO com.codeborne.selenide.impl.FileHelper - Creating folder: C:\Users\Dav\Downloads\demo2\build\downloads\1610864365388_9204_1
[main] INFO io.github.bonigarcia.wdm.WebDriverManager - Using chromedriver 87.0.4280.88 (resolved driver for Chrome 87)
[main] INFO io.github.bonigarcia.wdm.WebDriverManager - Exporting webdriver.chrome.driver as C:\Users\Dav\.cache\selenium\chromedriver\win32\87.0.4280.88\chromedriver.exe
[main] INFO com.codeborne.selenide.webdriver.AbstractDriverFactory - Write webdriver logs to: C:\Users\Dav\Downloads\demo2\build\reports\tests\webdriver.1610864367057_9204_1.log
Starting ChromeDriver 87.0.4280.88 (89e2380a3e36c3464b5dd1302349b1382549290d-refs/branch-heads/4280@{#1761}) on port 31827
Only local connections are allowed.
Please see https://chromedriver.chromium.org/security-considerations for suggestions on keeping ChromeDriver safe.
ChromeDriver was started successfully.
Jan 17, 2021 10:19:35 AM org.openqa.selenium.remote.ProtocolHandshake createSession
INFO: Detected dialect: W3C
[main] INFO com.codeborne.selenide.webdriver.WebDriverFactory - BrowserName=chrome Version=87.0.4280.88 Platform=WINDOWS
[main] INFO com.codeborne.selenide.webdriver.WebDriverFactory - Selenide v. 5.16.2
[main] INFO com.codeborne.selenide.webdriver.WebDriverFactory - Selenium WebDriver v. 3.141.59 build time: 2018-11-14T08:17:03
[main] INFO com.codeborne.selenide.drivercommands.CreateDriverCommand - Create webdriver in current thread 1: ChromeDriver -> ChromeDriver: chrome on WINDOWS (c4ec39531d88f748557e288b66381882)
]]></system-err>
  </testcase>
  <testcase name="search" classname="com.example.demo2.MainPageTest" time="1.613"/>
  <testcase name="toolsMenu" classname="com.example.demo2.MainPageTest" time="5.155">
    <failure message="Element not found {By.xpath: //div[contains(@class, &apos;menu-main__item&apos;) and text() = &apos;Tools&apos;]}&#10;Expected: exist&#10;Screenshot: file:/C:/Users/Dav/Downloads/demo2/build/reports/tests/1610864393935.1.png&#10;Page source: file:/C:/Users/Dav/Downloads/demo2/build/reports/tests/1610864393935.1.html&#10;Timeout: 4 s.&#10;Caused by: NoSuchElementException: no such element: Unable to locate element: {&quot;method&quot;:&quot;xpath&quot;,&quot;selector&quot;:&quot;//div[contains(@class, &apos;menu-main__item&apos;) and text() = &apos;Tools&apos;]&quot;}" type="com.codeborne.selenide.ex.ElementNotFound">com.codeborne.selenide.ex.ElementNotFound: 
Element not found {By.xpath: //div[contains(@class, 'menu-main__item') and text() = 'Tools']}
Expected: exist
Screenshot: file:/C:/Users/Dav/Downloads/demo2/build/reports/tests/1610864393935.1.png
Page source: file:/C:/Users/Dav/Downloads/demo2/build/reports/tests/1610864393935.1.html
Timeout: 4 s.
Caused by: NoSuchElementException: no such element: Unable to locate element: {"method":"xpath","selector":"//div[contains(@class, 'menu-main__item') and text() = 'Tools']"}
	at com.example.demo2.MainPageTest.toolsMenu(MainPageTest.java:43)
Caused by: org.openqa.selenium.NoSuchElementException: 
no such element: Unable to locate element: {"method":"xpath","selector":"//div[contains(@class, 'menu-main__item') and text() = 'Tools']"}
  (Session info: chrome=87.0.4280.88)
For documentation on this error, please visit: https://www.seleniumhq.org/exceptions/no_such_element.html
Build info: version: '3.141.59', revision: 'e82be7d358', time: '2018-11-14T08:17:03'
System info: host: 'DESKTOP-HN2PJ80', ip: '192.168.0.103', os.name: 'Windows 10', os.arch: 'amd64', os.version: '10.0', java.version: '11.0.9'
Driver info: org.openqa.selenium.chrome.ChromeDriver
Capabilities {acceptInsecureCerts: true, browserName: chrome, browserVersion: 87.0.4280.88, chrome: {chromedriverVersion: 87.0.4280.88 (89e2380a3e36c..., userDataDir: C:\Users\Dav\AppData\Local\...}, goog:chromeOptions: {debuggerAddress: localhost:50186}, javascriptEnabled: true, networkConnectionEnabled: false, pageLoadStrategy: normal, platform: WINDOWS, platformName: WINDOWS, proxy: Proxy(), setWindowRect: true, strictFileInteractability: false, timeouts: {implicit: 0, pageLoad: 300000, script: 30000}, unhandledPromptBehavior: dismiss and notify, webauthn:virtualAuthenticators: true}
Session ID: c4ec39531d88f748557e288b66381882
*** Element info: {Using=xpath, value=//div[contains(@class, 'menu-main__item') and text() = 'Tools']}
	at com.example.demo2.MainPageTest.toolsMenu(MainPageTest.java:43)
</failure>
  </testcase>
</testsuite>